-------------------------------------------------------------------------------
Test set: org.example.CalculatorTest
-------------------------------------------------------------------------------
Tests run: 2, Failures: 1, Errors: 0, Skipped: 0, Time elapsed: 0.033 sec <<< FAILURE!
org.example.CalculatorTest.testSumFailed()  Time elapsed: 0.028 sec  <<< FAILURE!
org.test.exception.AssertionException: Expected 2 but was 3
	at org.test.Assertions.assertEquals(Assertions.java:9)
	at org.example.CalculatorTest.testSumFailed(CalculatorTest.java:24)

